<?xml version="1.0" encoding="UTF-8" ?>
<testsuites>
  <testsuite failures="1" hostname="ibm-aswinsamal" id="0" name="SSOCOnnection/tests" package="" skipped="0" tests="2" time="20.555" timestamp="Mon Feb 05 11:31:28 IST 2024">
	    <properties>
		      <property name="excludeCallableTestCases" value="false" />

		      <property name="testEnvironment" value="" />

		      <property name="pluginOutputLevel" value="WARNING" />

		      <property name="projectPath" value=".." />

		      <property name="salesforceMetadataCache" value="Reload" />

		      <property name="resultsPathDisposition" value="Increment" />

		      <property name="testOutputLevel" value="INFO" />

		      <property name="webBrowserType" value="Chrome" />

		      <property name="resultsPath" value="../ANT/Results" />

		      <property name="webBrowserConfiguration" value="Full Screen" />

		      <property name="projectCachePath" value="C:\Users\aswini.samal\Provar\Workspace15\SSOCOnnection\ANT\..\..\.provarCaches" />

	    </properties>

	    <testcase classname="tests/Test Case 1.testcase" name="Test Case 1.testcase" time="7.411">
		      <failure message="Execution failed"><![CDATA[UI Connect step is failed]]></failure>

	    </testcase>

	    <testcase classname="tests/Test Case 2.testcase" name="Test Case 2.testcase" time="8.09">
	</testcase>

  </testsuite>
</testsuites>
