<?xml version="1.0" encoding="UTF-8" ?>
<testsuites>
  <testsuite failures="1" hostname="ibm-aswinsamal" id="0" name="SSOCOnnection/tests" package="" skipped="0" tests="2" time="13.459" timestamp="Thu Jan 25 10:57:06 IST 2024">
	    <properties>
		      <property name="excludeCallableTestCases" value="false" />

		      <property name="testEnvironment" value="" />

		      <property name="pluginOutputLevel" value="WARNING" />

		      <property name="projectPath" value=".." />

		      <property name="salesforceMetadataCache" value="Reuse" />

		      <property name="resultsPathDisposition" value="Fail" />

		      <property name="testOutputLevel" value="INFO" />

		      <property name="webBrowserType" value="Chrome" />

		      <property name="resultsPath" value="../ANT/Results" />

		      <property name="webBrowserConfiguration" value="Full Screen" />

		      <property name="projectCachePath" value="C:\Users\aswini.samal\Provar\Workspace15\SSOCOnnection\ANT\..\.provarCaches" />

	    </properties>

	    <testcase classname="tests/Test Case 1.testcase" name="Test Case 1.testcase" time="0.03">
		      <failure message="Execution failed"><![CDATA[Deliberate Fail]]></failure>

	    </testcase>

	    <testcase classname="tests/Test Case 2.testcase" name="Test Case 2.testcase" time="8.261">
	</testcase>

  </testsuite>
</testsuites>
